<?xml version="1.0" encoding="UTF-8"?>
<!-- Generated by org.testng.reporters.JUnitXMLReporter -->
<testsuite ignored="3" hostname="Athira" failures="0" tests="1" name="Test1" time="6.773" errors="0" timestamp="2025-12-19T07:19:07 IST">
  <testcase classname="testscript.LoginTest" name="verifyLoginPageWithValidData" time="2.261"/>
  <testcase classname="testscript.LoginTest" name="verifyLoginPageWithValidUsernameInValidPsw" time="0.0">
    <ignored/>
  </testcase> <!-- verifyLoginPageWithValidUsernameInValidPsw -->
  <testcase classname="testscript.LoginTest" name="verifyLoginPageWithInvalidUsernameValidPsw" time="0.0">
    <ignored/>
  </testcase> <!-- verifyLoginPageWithInvalidUsernameValidPsw -->
  <testcase classname="testscript.LoginTest" name="verifyLoginPageWithInvalidData" time="0.0">
    <ignored/>
  </testcase> <!-- verifyLoginPageWithInvalidData -->
</testsuite> <!-- Test1 -->
