<?xml version="1.0" encoding="UTF-8"?>
<!-- Generated by org.testng.reporters.JUnitXMLReporter -->
<testsuite ignored="2" hostname="Athira" failures="0" tests="2" name="Test" time="7.955" errors="0" timestamp="2025-12-17T07:54:08 IST">
  <testcase classname="testscript.LoginTest" name="verifyLoginPageWithValidData" time="2.0"/>
  <testcase classname="testscript.LoginTest" name="verifyLoginPageWithValidUsernameInValidPsw" time="0.861"/>
  <testcase classname="testscript.LoginTest" name="verifyLoginPageWithInvalidUsernameValidPsw" time="0.0">
    <ignored/>
  </testcase> <!-- verifyLoginPageWithInvalidUsernameValidPsw -->
  <testcase classname="testscript.LoginTest" name="verifyLoginPageWithInvalidData" time="0.0">
    <ignored/>
  </testcase> <!-- verifyLoginPageWithInvalidData -->
</testsuite> <!-- Test -->
