<?xml version="1.0" encoding="UTF-8"?>
<!-- Generated by org.testng.reporters.JUnitReportReporter -->
<testsuite hostname="Athira" failures="0" tests="3" name="testscript.NewsTest" time="26.798" errors="0" timestamp="2025-12-27T22:47:53 IST" skipped="0">
  <testcase classname="testscript.NewsTest" name="verifyNewsCanBeSearchedSuccessfully" time="7.165"/>
  <testcase classname="testscript.NewsTest" name="verifyNewsCanBeCreatedSuccessfully" time="11.058"/>
  <testcase classname="testscript.NewsTest" name="verifyNewsPageCanBeResetSuccessfully" time="8.575"/>
</testsuite> <!-- testscript.NewsTest -->
