<?xml version="1.0" encoding="UTF-8"?>
<!-- Generated by org.testng.reporters.JUnitReportReporter -->
<testsuite hostname="Athira" failures="0" tests="3" name="testscript.NewsTest" time="30.928" errors="0" timestamp="2025-12-27T21:26:53 IST" skipped="0">
  <testcase classname="testscript.NewsTest" name="verifyNewsCanBeSearchedSuccessfully" time="8.658"/>
  <testcase classname="testscript.NewsTest" name="verifyNewsCanBeCreatedSuccessfully" time="10.950"/>
  <testcase classname="testscript.NewsTest" name="verifyNewsPageCanBeResetSuccessfully" time="11.320"/>
</testsuite> <!-- testscript.NewsTest -->
