<?xml version="1.0" encoding="UTF-8"?>
<!-- Generated by org.testng.reporters.JUnitXMLReporter -->
<testsuite ignored="0" hostname="Athira" failures="0" tests="3" name="Test" time="31.012" errors="0" timestamp="2025-12-27T21:26:52 IST">
  <testcase classname="testscript.NewsTest" name="verifyNewsCanBeCreatedSuccessfully" time="7.315"/>
  <testcase classname="testscript.NewsTest" name="verifyNewsCanBeSearchedSuccessfully" time="4.071"/>
  <testcase classname="testscript.NewsTest" name="verifyNewsPageCanBeResetSuccessfully" time="3.552"/>
</testsuite> <!-- Test -->
