<?xml version="1.0" encoding="UTF-8"?>
<testng-results ignored="0" total="3" passed="3" failed="0" skipped="0">
  <reporter-output>
  </reporter-output>
  <suite started-at="2025-12-27T21:26:20 IST" name="Suite" finished-at="2025-12-27T21:26:51 IST" duration-ms="31012">
    <groups>
    </groups>
    <test started-at="2025-12-27T21:26:20 IST" name="Test" finished-at="2025-12-27T21:26:51 IST" duration-ms="31012">
      <class name="testscript.NewsTest">
        <test-method is-config="true" signature="verifyBrowserInitialization(java.lang.String)[pri:0, instance:testscript.NewsTest@2d0399f4]" started-at="2025-12-27T21:26:20 IST" name="verifyBrowserInitialization" finished-at="2025-12-27T21:26:28 IST" duration-ms="7768" status="PASS">
          <params>
            <param index="0">
              <value>
                <![CDATA[chrome]]>
              </value>
            </param>
          </params>
          <reporter-output>
          </reporter-output>
        </test-method> <!-- verifyBrowserInitialization -->
        <test-method signature="verifyNewsCanBeCreatedSuccessfully()[pri:0, instance:testscript.NewsTest@2d0399f4]" started-at="2025-12-27T21:26:28 IST" name="verifyNewsCanBeCreatedSuccessfully" description="User is trying to create news" finished-at="2025-12-27T21:26:35 IST" duration-ms="7315" status="PASS">
          <reporter-output>
          </reporter-output>
        </test-method> <!-- verifyNewsCanBeCreatedSuccessfully -->
        <test-method is-config="true" signature="driverQuit(org.testng.ITestResult)[pri:0, instance:testscript.NewsTest@2d0399f4]" started-at="2025-12-27T21:26:35 IST" name="driverQuit" finished-at="2025-12-27T21:26:35 IST" duration-ms="5" status="PASS">
          <params>
            <param index="0">
              <value>
                <![CDATA[[TestResult name=verifyNewsCanBeCreatedSuccessfully status=SUCCESS method=NewsTest.verifyNewsCanBeCreatedSuccessfully()[pri:0, instance:testscript.NewsTest@2d0399f4] output={null}]]]>
              </value>
            </param>
          </params>
          <reporter-output>
          </reporter-output>
        </test-method> <!-- driverQuit -->
        <test-method is-config="true" signature="verifyBrowserInitialization(java.lang.String)[pri:0, instance:testscript.NewsTest@2d0399f4]" started-at="2025-12-27T21:26:35 IST" name="verifyBrowserInitialization" finished-at="2025-12-27T21:26:39 IST" duration-ms="3633" status="PASS">
          <params>
            <param index="0">
              <value>
                <![CDATA[chrome]]>
              </value>
            </param>
          </params>
          <reporter-output>
          </reporter-output>
        </test-method> <!-- verifyBrowserInitialization -->
        <test-method signature="verifyNewsCanBeSearchedSuccessfully()[pri:0, instance:testscript.NewsTest@2d0399f4]" started-at="2025-12-27T21:26:39 IST" name="verifyNewsCanBeSearchedSuccessfully" description="User is trying to search news" finished-at="2025-12-27T21:26:43 IST" duration-ms="4071" status="PASS">
          <reporter-output>
          </reporter-output>
        </test-method> <!-- verifyNewsCanBeSearchedSuccessfully -->
        <test-method is-config="true" signature="driverQuit(org.testng.ITestResult)[pri:0, instance:testscript.NewsTest@2d0399f4]" started-at="2025-12-27T21:26:43 IST" name="driverQuit" finished-at="2025-12-27T21:26:43 IST" duration-ms="2" status="PASS">
          <params>
            <param index="0">
              <value>
                <![CDATA[[TestResult name=verifyNewsCanBeSearchedSuccessfully status=SUCCESS method=NewsTest.verifyNewsCanBeSearchedSuccessfully()[pri:0, instance:testscript.NewsTest@2d0399f4] output={null}]]]>
              </value>
            </param>
          </params>
          <reporter-output>
          </reporter-output>
        </test-method> <!-- driverQuit -->
        <test-method is-config="true" signature="verifyBrowserInitialization(java.lang.String)[pri:0, instance:testscript.NewsTest@2d0399f4]" started-at="2025-12-27T21:26:43 IST" name="verifyBrowserInitialization" finished-at="2025-12-27T21:26:47 IST" duration-ms="4582" status="PASS">
          <params>
            <param index="0">
              <value>
                <![CDATA[chrome]]>
              </value>
            </param>
          </params>
          <reporter-output>
          </reporter-output>
        </test-method> <!-- verifyBrowserInitialization -->
        <test-method signature="verifyNewsPageCanBeResetSuccessfully()[pri:0, instance:testscript.NewsTest@2d0399f4]" started-at="2025-12-27T21:26:47 IST" name="verifyNewsPageCanBeResetSuccessfully" description="User is trying to reset the page" finished-at="2025-12-27T21:26:51 IST" duration-ms="3552" status="PASS">
          <reporter-output>
          </reporter-output>
        </test-method> <!-- verifyNewsPageCanBeResetSuccessfully -->
        <test-method is-config="true" signature="driverQuit(org.testng.ITestResult)[pri:0, instance:testscript.NewsTest@2d0399f4]" started-at="2025-12-27T21:26:51 IST" name="driverQuit" finished-at="2025-12-27T21:26:51 IST" duration-ms="0" status="PASS">
          <params>
            <param index="0">
              <value>
                <![CDATA[[TestResult name=verifyNewsPageCanBeResetSuccessfully status=SUCCESS method=NewsTest.verifyNewsPageCanBeResetSuccessfully()[pri:0, instance:testscript.NewsTest@2d0399f4] output={null}]]]>
              </value>
            </param>
          </params>
          <reporter-output>
          </reporter-output>
        </test-method> <!-- driverQuit -->
      </class> <!-- testscript.NewsTest -->
    </test> <!-- Test -->
  </suite> <!-- Suite -->
</testng-results>
