<?xml version="1.0" encoding="UTF-8"?>
<testng-results ignored="0" total="1" passed="1" failed="0" skipped="0">
  <reporter-output>
  </reporter-output>
  <suite started-at="2025-12-25T21:16:42 IST" name="Suite" finished-at="2025-12-25T21:16:54 IST" duration-ms="12033">
    <groups>
    </groups>
    <test started-at="2025-12-25T21:16:42 IST" name="Test" finished-at="2025-12-25T21:16:54 IST" duration-ms="12033">
      <class name="testscript.NewsTest">
        <test-method is-config="true" signature="verifyBrowserInitialization(java.lang.String)[pri:0, instance:testscript.NewsTest@31ea9581]" started-at="2025-12-25T21:16:42 IST" name="verifyBrowserInitialization" finished-at="2025-12-25T21:16:47 IST" duration-ms="4851" status="PASS">
          <params>
            <param index="0">
              <value>
                <![CDATA[chrome]]>
              </value>
            </param>
          </params>
          <reporter-output>
          </reporter-output>
        </test-method> <!-- verifyBrowserInitialization -->
        <test-method signature="verifyNewsPageCanBeResetSuccessfully()[pri:0, instance:testscript.NewsTest@31ea9581]" started-at="2025-12-25T21:16:47 IST" name="verifyNewsPageCanBeResetSuccessfully" description="User is trying to reset the page" finished-at="2025-12-25T21:16:54 IST" duration-ms="7107" status="PASS">
          <reporter-output>
          </reporter-output>
        </test-method> <!-- verifyNewsPageCanBeResetSuccessfully -->
        <test-method is-config="true" signature="driverQuit(org.testng.ITestResult)[pri:0, instance:testscript.NewsTest@31ea9581]" started-at="2025-12-25T21:16:54 IST" name="driverQuit" finished-at="2025-12-25T21:16:54 IST" duration-ms="2" status="PASS">
          <params>
            <param index="0">
              <value>
                <![CDATA[[TestResult name=verifyNewsPageCanBeResetSuccessfully status=SUCCESS method=NewsTest.verifyNewsPageCanBeResetSuccessfully()[pri:0, instance:testscript.NewsTest@31ea9581] output={null}]]]>
              </value>
            </param>
          </params>
          <reporter-output>
          </reporter-output>
        </test-method> <!-- driverQuit -->
      </class> <!-- testscript.NewsTest -->
    </test> <!-- Test -->
  </suite> <!-- Suite -->
</testng-results>
