<?xml version="1.0" encoding="UTF-8"?>
<!-- Generated by org.testng.reporters.JUnitXMLReporter -->
<testsuite ignored="2" hostname="Athira" failures="0" tests="1" name="Test" time="12.033" errors="0" timestamp="2025-12-25T21:16:55 IST">
  <testcase classname="testscript.NewsTest" name="verifyNewsPageCanBeResetSuccessfully" time="7.107"/>
  <testcase classname="testscript.NewsTest" name="verifyNewsCanBeSearchedSuccessfully" time="0.0">
    <ignored/>
  </testcase> <!-- verifyNewsCanBeSearchedSuccessfully -->
  <testcase classname="testscript.NewsTest" name="verifyNewsCanBeCreatedSuccessfully" time="0.0">
    <ignored/>
  </testcase> <!-- verifyNewsCanBeCreatedSuccessfully -->
</testsuite> <!-- Test -->
